<?xml version="1.0" encoding="UTF-8"?>
<testsuite name="AnnalynsInfiltrationTest" tests="30" skipped="0" failures="0" errors="0" timestamp="2023-11-24T17:05:52" hostname="ermixPC" time="0.403">
  <properties/>
  <testcase name="The canSpy method returns true when everyone but prisoner is sleeping" classname="AnnalynsInfiltrationTest" time="0.062"/>
  <testcase name="The canFreePrisoner method returns false when only archer is sleeping and pet dog is absent" classname="AnnalynsInfiltrationTest" time="0.002"/>
  <testcase name="The canSignalPrisoner method returns false when prisoner is sleeping and archer is awake" classname="AnnalynsInfiltrationTest" time="0.001"/>
  <testcase name="The canSignalPrisoner method returns false when both prisoner and archer are sleeping" classname="AnnalynsInfiltrationTest" time="0.004"/>
  <testcase name="The canFreePrisoner method returns false when only knight is awake and pet dog is absent" classname="AnnalynsInfiltrationTest" time="0.004"/>
  <testcase name="The canFreePrisoner method returns false when everyone is sleeping and pet dog is absent" classname="AnnalynsInfiltrationTest" time="0.004"/>
  <testcase name="The canFreePrisoner method returns false when only prisoner is sleeping and pet dog is present" classname="AnnalynsInfiltrationTest" time="0.001"/>
  <testcase name="The canSpy method returns true when only knight is sleeping" classname="AnnalynsInfiltrationTest" time="0.002"/>
  <testcase name="The canFreePrisoner method returns false when everyone is awake and pet dog is absent" classname="AnnalynsInfiltrationTest" time="0.002"/>
  <testcase name="The canSpy method returns true when everyone is awake" classname="AnnalynsInfiltrationTest" time="0.002"/>
  <testcase name="The canFastAttack method returns true when knight is sleeping" classname="AnnalynsInfiltrationTest" time="0.003"/>
  <testcase name="The canFreePrisoner method returns true when only archer is sleeping and pet dog is present" classname="AnnalynsInfiltrationTest" time="0.002"/>
  <testcase name="The canFreePrisoner method returns true when everyone is sleeping and pet dog is present" classname="AnnalynsInfiltrationTest" time="0.011"/>
  <testcase name="The canSpy method returns true when only archer is sleeping" classname="AnnalynsInfiltrationTest" time="0.003"/>
  <testcase name="The canFastAttack method returns false when knight is awake" classname="AnnalynsInfiltrationTest" time="0.005"/>
  <testcase name="The canFreePrisoner method returns false when only archer is awake and pet dog is absent" classname="AnnalynsInfiltrationTest" time="0.007"/>
  <testcase name="The canFreePrisoner method returns true when only knight is awake and pet dog is present" classname="AnnalynsInfiltrationTest" time="0.003"/>
  <testcase name="The canFreePrisoner method returns false when only knight is sleeping and pet dog is absent" classname="AnnalynsInfiltrationTest" time="0.03"/>
  <testcase name="The canFreePrisoner method returns true when only prisoner is awake and pet dog is present" classname="AnnalynsInfiltrationTest" time="0.01"/>
  <testcase name="The canFreePrisoner method returns true when only prisoner is awake and pet dog is absent" classname="AnnalynsInfiltrationTest" time="0.012"/>
  <testcase name="The canSpy method returns true when only prisoner is sleeping" classname="AnnalynsInfiltrationTest" time="0.005"/>
  <testcase name="The canFreePrisoner method returns false when only knight is sleeping and pet dog is present" classname="AnnalynsInfiltrationTest" time="0.007"/>
  <testcase name="The canSpy method returns false when everyone is sleeping" classname="AnnalynsInfiltrationTest" time="0.004"/>
  <testcase name="The canFreePrisoner method returns false when only archer is awake and pet dog is present" classname="AnnalynsInfiltrationTest" time="0.006"/>
  <testcase name="The canSignalPrisoner method returns true when prisoner is awake and archer is sleeping" classname="AnnalynsInfiltrationTest" time="0.005"/>
  <testcase name="The canFreePrisoner method returns false when everyone is awake and pet dog is present" classname="AnnalynsInfiltrationTest" time="0.005"/>
  <testcase name="The canSpy method returns true when everyone but knight is sleeping" classname="AnnalynsInfiltrationTest" time="0.008"/>
  <testcase name="The canFreePrisoner method returns false when only prisoner is sleeping and pet dog is absent" classname="AnnalynsInfiltrationTest" time="0.004"/>
  <testcase name="The canSpy method returns true when everyone but archer is sleeping" classname="AnnalynsInfiltrationTest" time="0.007"/>
  <testcase name="The canSignalPrisoner method returns false when both prisoner and archer are awake" classname="AnnalynsInfiltrationTest" time="0.004"/>
  <system-out><![CDATA[]]></system-out>
  <system-err><![CDATA[]]></system-err>
</testsuite>
