<?xml version="1.0" encoding="UTF-8"?>
<testsuite name="TwoferTest" tests="1" skipped="0" failures="0" errors="0" timestamp="2023-10-21T16:06:11" hostname="ermixPC" time="0.082">
  <properties/>
  <testcase name="aNameGiven" classname="TwoferTest" time="0.082"/>
  <system-out><![CDATA[]]></system-out>
  <system-err><![CDATA[]]></system-err>
</testsuite>
